The system is: Darwin - 20.1.0 - x86_64
Compiling the C compiler identification source file "CMakeCCompilerId.c" succeeded.
Compiler: /usr/local/Cellar/llvm/11.0.0/bin/clang 
Build flags: 
Id flags:  

The output was:
0


Compilation of the C compiler identification source "CMakeCCompilerId.c" produced "a.out"

The C compiler identification is Clang, found in "/Users/jzc/Desktop/database/rn2db/src/c/CMakeFiles/3.21.0-rc2/CompilerIdC/a.out"

Compiling the CXX compiler identification source file "CMakeCXXCompilerId.cpp" succeeded.
Compiler: /usr/local/Cellar/llvm/11.0.0/bin/clang++ 
Build flags: 
Id flags:  

The output was:
0


Compilation of the CXX compiler identification source "CMakeCXXCompilerId.cpp" produced "a.out"

The CXX compiler identification is Clang, found in "/Users/jzc/Desktop/database/rn2db/src/c/CMakeFiles/3.21.0-rc2/CompilerIdCXX/a.out"

Detecting C compiler ABI info compiled with the following output:
Change Dir: /Users/jzc/Desktop/database/rn2db/src/c/CMakeFiles/CMakeTmp

Run Build Command(s):/usr/bin/make -f Makefile cmTC_42adc/fast && /Library/Developer/CommandLineTools/usr/bin/make  -f CMakeFiles/cmTC_42adc.dir/build.make CMakeFiles/cmTC_42adc.dir/build
Building C object CMakeFiles/cmTC_42adc.dir/CMakeCCompilerABI.c.o
/usr/local/Cellar/llvm/11.0.0/bin/clang   -isysroot /Library/Developer/CommandLineTools/SDKs/MacOSX11.0.sdk   -v -Wl,-v -MD -MT CMakeFiles/cmTC_42adc.dir/CMakeCCompilerABI.c.o -MF CMakeFiles/cmTC_42adc.dir/CMakeCCompilerABI.c.o.d -o CMakeFiles/cmTC_42adc.dir/CMakeCCompilerABI.c.o -c /Applications/CMake.app/Contents/share/cmake-3.21/Modules/CMakeCCompilerABI.c
clang version 11.0.0
Target: x86_64-apple-darwin20.1.0
Thread model: posix
InstalledDir: /usr/local/Cellar/llvm/11.0.0/bin
clang-11: warning: -Wl,-v: 'linker' input unused [-Wunused-command-line-argument]
 (in-process)
 "/usr/local/Cellar/llvm/11.0.0/bin/clang-11" -cc1 -triple x86_64-apple-macosx11.0.0 -Wundef-prefix=TARGET_OS_ -Werror=undef-prefix -Wdeprecated-objc-isa-usage -Werror=deprecated-objc-isa-usage -emit-obj -mrelax-all -disable-free -disable-llvm-verifier -discard-value-names -main-file-name CMakeCCompilerABI.c -mrelocation-model pic -pic-level 2 -mframe-pointer=all -fno-rounding-math -munwind-tables -target-sdk-version=11.0 -fcompatibility-qualified-id-block-type-checking -target-cpu penryn -debugger-tuning=lldb -target-linker-version 609.7 -v -resource-dir /usr/local/Cellar/llvm/11.0.0/lib/clang/11.0.0 -dependency-file CMakeFiles/cmTC_42adc.dir/CMakeCCompilerABI.c.o.d -MT CMakeFiles/cmTC_42adc.dir/CMakeCCompilerABI.c.o -sys-header-deps -isysroot /Library/Developer/CommandLineTools/SDKs/MacOSX11.0.sdk -internal-isystem /Library/Developer/CommandLineTools/SDKs/MacOSX11.0.sdk/usr/local/include -internal-isystem /usr/local/Cellar/llvm/11.0.0/lib/clang/11.0.0/include -internal-externc-isystem /Library/Developer/CommandLineTools/SDKs/MacOSX11.0.sdk/usr/include -fdebug-compilation-dir /Users/jzc/Desktop/database/rn2db/src/c/CMakeFiles/CMakeTmp -ferror-limit 19 -stack-protector 1 -fblocks -fencode-extended-block-signature -fregister-global-dtors-with-atexit -fgnuc-version=4.2.1 -fmax-type-align=16 -o CMakeFiles/cmTC_42adc.dir/CMakeCCompilerABI.c.o -x c /Applications/CMake.app/Contents/share/cmake-3.21/Modules/CMakeCCompilerABI.c
clang -cc1 version 11.0.0 based upon LLVM 11.0.0 default target x86_64-apple-darwin20.1.0
ignoring nonexistent directory "/Library/Developer/CommandLineTools/SDKs/MacOSX11.0.sdk/usr/local/include"
ignoring nonexistent directory "/Library/Developer/CommandLineTools/SDKs/MacOSX11.0.sdk/Library/Frameworks"
#include "..." search starts here:
#include <...> search starts here:
 /usr/local/Cellar/llvm/11.0.0/lib/clang/11.0.0/include
 /Library/Developer/CommandLineTools/SDKs/MacOSX11.0.sdk/usr/include
 /Library/Developer/CommandLineTools/SDKs/MacOSX11.0.sdk/System/Library/Frameworks (framework directory)
End of search list.
Linking C executable cmTC_42adc
/Applications/CMake.app/Contents/bin/cmake -E cmake_link_script CMakeFiles/cmTC_42adc.dir/link.txt --verbose=1
/usr/local/Cellar/llvm/11.0.0/bin/clang  -isysroot /Library/Developer/CommandLineTools/SDKs/MacOSX11.0.sdk -Wl,-search_paths_first -Wl,-headerpad_max_install_names  -v -Wl,-v CMakeFiles/cmTC_42adc.dir/CMakeCCompilerABI.c.o -o cmTC_42adc 
clang version 11.0.0
Target: x86_64-apple-darwin20.1.0
Thread model: posix
InstalledDir: /usr/local/Cellar/llvm/11.0.0/bin
 "/usr/bin/ld" -demangle -lto_library /usr/local/Cellar/llvm/11.0.0/lib/libLTO.dylib -dynamic -arch x86_64 -platform_version macos 11.0.0 11.0 -syslibroot /Library/Developer/CommandLineTools/SDKs/MacOSX11.0.sdk -o cmTC_42adc -L. -L/usr/local/opt/libpqxx/lib/ -L/usr/local/opt/libpqxx/lib/ -search_paths_first -headerpad_max_install_names -v CMakeFiles/cmTC_42adc.dir/CMakeCCompilerABI.c.o -lSystem /usr/local/Cellar/llvm/11.0.0/lib/clang/11.0.0/lib/darwin/libclang_rt.osx.a
@(#)PROGRAM:ld  PROJECT:ld64-609.7
BUILD 18:10:07 Oct 19 2020
configured to support archs: armv6 armv7 armv7s arm64 arm64e arm64_32 i386 x86_64 x86_64h armv6m armv7k armv7m armv7em
Library search paths:
	.
	/usr/local/opt/libpqxx/lib/
	/usr/local/opt/libpqxx/lib/
	/Library/Developer/CommandLineTools/SDKs/MacOSX11.0.sdk/usr/lib
Framework search paths:
	/Library/Developer/CommandLineTools/SDKs/MacOSX11.0.sdk/System/Library/Frameworks/



Parsed C implicit include dir info from above output: rv=done
  found start of include info
  found start of implicit include info
    add: [/usr/local/Cellar/llvm/11.0.0/lib/clang/11.0.0/include]
    add: [/Library/Developer/CommandLineTools/SDKs/MacOSX11.0.sdk/usr/include]
  end of search list found
  collapse include dir [/usr/local/Cellar/llvm/11.0.0/lib/clang/11.0.0/include] ==> [/usr/local/Cellar/llvm/11.0.0/lib/clang/11.0.0/include]
  collapse include dir [/Library/Developer/CommandLineTools/SDKs/MacOSX11.0.sdk/usr/include] ==> [/Library/Developer/CommandLineTools/SDKs/MacOSX11.0.sdk/usr/include]
  implicit include dirs: [/usr/local/Cellar/llvm/11.0.0/lib/clang/11.0.0/include;/Library/Developer/CommandLineTools/SDKs/MacOSX11.0.sdk/usr/include]


Parsed C implicit link information from above output:
  link line regex: [^( *|.*[/\])(ld\.lld|CMAKE_LINK_STARTFILE-NOTFOUND|([^/\]+-)?ld|collect2)[^/\]*( |$)]
  ignore line: [Change Dir: /Users/jzc/Desktop/database/rn2db/src/c/CMakeFiles/CMakeTmp]
  ignore line: []
  ignore line: [Run Build Command(s):/usr/bin/make -f Makefile cmTC_42adc/fast && /Library/Developer/CommandLineTools/usr/bin/make  -f CMakeFiles/cmTC_42adc.dir/build.make CMakeFiles/cmTC_42adc.dir/build]
  ignore line: [Building C object CMakeFiles/cmTC_42adc.dir/CMakeCCompilerABI.c.o]
  ignore line: [/usr/local/Cellar/llvm/11.0.0/bin/clang   -isysroot /Library/Developer/CommandLineTools/SDKs/MacOSX11.0.sdk   -v -Wl -v -MD -MT CMakeFiles/cmTC_42adc.dir/CMakeCCompilerABI.c.o -MF CMakeFiles/cmTC_42adc.dir/CMakeCCompilerABI.c.o.d -o CMakeFiles/cmTC_42adc.dir/CMakeCCompilerABI.c.o -c /Applications/CMake.app/Contents/share/cmake-3.21/Modules/CMakeCCompilerABI.c]
  ignore line: [clang version 11.0.0]
  ignore line: [Target: x86_64-apple-darwin20.1.0]
  ignore line: [Thread model: posix]
  ignore line: [InstalledDir: /usr/local/Cellar/llvm/11.0.0/bin]
  ignore line: [clang-11: warning: -Wl -v: 'linker' input unused [-Wunused-command-line-argument]]
  ignore line: [ (in-process)]
  ignore line: [ "/usr/local/Cellar/llvm/11.0.0/bin/clang-11" -cc1 -triple x86_64-apple-macosx11.0.0 -Wundef-prefix=TARGET_OS_ -Werror=undef-prefix -Wdeprecated-objc-isa-usage -Werror=deprecated-objc-isa-usage -emit-obj -mrelax-all -disable-free -disable-llvm-verifier -discard-value-names -main-file-name CMakeCCompilerABI.c -mrelocation-model pic -pic-level 2 -mframe-pointer=all -fno-rounding-math -munwind-tables -target-sdk-version=11.0 -fcompatibility-qualified-id-block-type-checking -target-cpu penryn -debugger-tuning=lldb -target-linker-version 609.7 -v -resource-dir /usr/local/Cellar/llvm/11.0.0/lib/clang/11.0.0 -dependency-file CMakeFiles/cmTC_42adc.dir/CMakeCCompilerABI.c.o.d -MT CMakeFiles/cmTC_42adc.dir/CMakeCCompilerABI.c.o -sys-header-deps -isysroot /Library/Developer/CommandLineTools/SDKs/MacOSX11.0.sdk -internal-isystem /Library/Developer/CommandLineTools/SDKs/MacOSX11.0.sdk/usr/local/include -internal-isystem /usr/local/Cellar/llvm/11.0.0/lib/clang/11.0.0/include -internal-externc-isystem /Library/Developer/CommandLineTools/SDKs/MacOSX11.0.sdk/usr/include -fdebug-compilation-dir /Users/jzc/Desktop/database/rn2db/src/c/CMakeFiles/CMakeTmp -ferror-limit 19 -stack-protector 1 -fblocks -fencode-extended-block-signature -fregister-global-dtors-with-atexit -fgnuc-version=4.2.1 -fmax-type-align=16 -o CMakeFiles/cmTC_42adc.dir/CMakeCCompilerABI.c.o -x c /Applications/CMake.app/Contents/share/cmake-3.21/Modules/CMakeCCompilerABI.c]
  ignore line: [clang -cc1 version 11.0.0 based upon LLVM 11.0.0 default target x86_64-apple-darwin20.1.0]
  ignore line: [ignoring nonexistent directory "/Library/Developer/CommandLineTools/SDKs/MacOSX11.0.sdk/usr/local/include"]
  ignore line: [ignoring nonexistent directory "/Library/Developer/CommandLineTools/SDKs/MacOSX11.0.sdk/Library/Frameworks"]
  ignore line: [#include "..." search starts here:]
  ignore line: [#include <...> search starts here:]
  ignore line: [ /usr/local/Cellar/llvm/11.0.0/lib/clang/11.0.0/include]
  ignore line: [ /Library/Developer/CommandLineTools/SDKs/MacOSX11.0.sdk/usr/include]
  ignore line: [ /Library/Developer/CommandLineTools/SDKs/MacOSX11.0.sdk/System/Library/Frameworks (framework directory)]
  ignore line: [End of search list.]
  ignore line: [Linking C executable cmTC_42adc]
  ignore line: [/Applications/CMake.app/Contents/bin/cmake -E cmake_link_script CMakeFiles/cmTC_42adc.dir/link.txt --verbose=1]
  ignore line: [/usr/local/Cellar/llvm/11.0.0/bin/clang  -isysroot /Library/Developer/CommandLineTools/SDKs/MacOSX11.0.sdk -Wl -search_paths_first -Wl -headerpad_max_install_names  -v -Wl -v CMakeFiles/cmTC_42adc.dir/CMakeCCompilerABI.c.o -o cmTC_42adc ]
  ignore line: [clang version 11.0.0]
  ignore line: [Target: x86_64-apple-darwin20.1.0]
  ignore line: [Thread model: posix]
  ignore line: [InstalledDir: /usr/local/Cellar/llvm/11.0.0/bin]
  link line: [ "/usr/bin/ld" -demangle -lto_library /usr/local/Cellar/llvm/11.0.0/lib/libLTO.dylib -dynamic -arch x86_64 -platform_version macos 11.0.0 11.0 -syslibroot /Library/Developer/CommandLineTools/SDKs/MacOSX11.0.sdk -o cmTC_42adc -L. -L/usr/local/opt/libpqxx/lib/ -L/usr/local/opt/libpqxx/lib/ -search_paths_first -headerpad_max_install_names -v CMakeFiles/cmTC_42adc.dir/CMakeCCompilerABI.c.o -lSystem /usr/local/Cellar/llvm/11.0.0/lib/clang/11.0.0/lib/darwin/libclang_rt.osx.a]
    arg [/usr/bin/ld] ==> ignore
    arg [-demangle] ==> ignore
    arg [-lto_library] ==> ignore, skip following value
    arg [/usr/local/Cellar/llvm/11.0.0/lib/libLTO.dylib] ==> skip value of -lto_library
    arg [-dynamic] ==> ignore
    arg [-arch] ==> ignore
    arg [x86_64] ==> ignore
    arg [-platform_version] ==> ignore
    arg [macos] ==> ignore
    arg [11.0.0] ==> ignore
    arg [11.0] ==> ignore
    arg [-syslibroot] ==> ignore
    arg [/Library/Developer/CommandLineTools/SDKs/MacOSX11.0.sdk] ==> ignore
    arg [-o] ==> ignore
    arg [cmTC_42adc] ==> ignore
    arg [-L.] ==> ignore
    arg [-L/usr/local/opt/libpqxx/lib/] ==> dir [/usr/local/opt/libpqxx/lib/]
    arg [-L/usr/local/opt/libpqxx/lib/] ==> dir [/usr/local/opt/libpqxx/lib/]
    arg [-search_paths_first] ==> ignore
    arg [-headerpad_max_install_names] ==> ignore
    arg [-v] ==> ignore
    arg [CMakeFiles/cmTC_42adc.dir/CMakeCCompilerABI.c.o] ==> ignore
    arg [-lSystem] ==> lib [System]
    arg [/usr/local/Cellar/llvm/11.0.0/lib/clang/11.0.0/lib/darwin/libclang_rt.osx.a] ==> lib [/usr/local/Cellar/llvm/11.0.0/lib/clang/11.0.0/lib/darwin/libclang_rt.osx.a]
  Library search paths: [;.;/usr/local/opt/libpqxx/lib/;/usr/local/opt/libpqxx/lib/;/Library/Developer/CommandLineTools/SDKs/MacOSX11.0.sdk/usr/lib]
  Framework search paths: [;/Library/Developer/CommandLineTools/SDKs/MacOSX11.0.sdk/System/Library/Frameworks/]
  remove lib [System]
  remove lib [/usr/local/Cellar/llvm/11.0.0/lib/clang/11.0.0/lib/darwin/libclang_rt.osx.a]
  collapse library dir [/usr/local/opt/libpqxx/lib/] ==> [/usr/local/opt/libpqxx/lib]
  collapse library dir [/usr/local/opt/libpqxx/lib/] ==> [/usr/local/opt/libpqxx/lib]
  collapse library dir [.] ==> [/Users/jzc/Desktop/database/rn2db/src/c]
  collapse library dir [/usr/local/opt/libpqxx/lib/] ==> [/usr/local/opt/libpqxx/lib]
  collapse library dir [/usr/local/opt/libpqxx/lib/] ==> [/usr/local/opt/libpqxx/lib]
  collapse library dir [/Library/Developer/CommandLineTools/SDKs/MacOSX11.0.sdk/usr/lib] ==> [/Library/Developer/CommandLineTools/SDKs/MacOSX11.0.sdk/usr/lib]
  collapse framework dir [/Library/Developer/CommandLineTools/SDKs/MacOSX11.0.sdk/System/Library/Frameworks/] ==> [/Library/Developer/CommandLineTools/SDKs/MacOSX11.0.sdk/System/Library/Frameworks]
  implicit libs: []
  implicit objs: []
  implicit dirs: [/usr/local/opt/libpqxx/lib;/Users/jzc/Desktop/database/rn2db/src/c;/Library/Developer/CommandLineTools/SDKs/MacOSX11.0.sdk/usr/lib]
  implicit fwks: [/Library/Developer/CommandLineTools/SDKs/MacOSX11.0.sdk/System/Library/Frameworks]


Detecting CXX compiler ABI info compiled with the following output:
Change Dir: /Users/jzc/Desktop/database/rn2db/src/c/CMakeFiles/CMakeTmp

Run Build Command(s):/usr/bin/make -f Makefile cmTC_ffa0d/fast && /Library/Developer/CommandLineTools/usr/bin/make  -f CMakeFiles/cmTC_ffa0d.dir/build.make CMakeFiles/cmTC_ffa0d.dir/build
Building CXX object CMakeFiles/cmTC_ffa0d.dir/CMakeCXXCompilerABI.cpp.o
/usr/local/Cellar/llvm/11.0.0/bin/clang++   -isysroot /Library/Developer/CommandLineTools/SDKs/MacOSX11.0.sdk   -v -Wl,-v -MD -MT CMakeFiles/cmTC_ffa0d.dir/CMakeCXXCompilerABI.cpp.o -MF CMakeFiles/cmTC_ffa0d.dir/CMakeCXXCompilerABI.cpp.o.d -o CMakeFiles/cmTC_ffa0d.dir/CMakeCXXCompilerABI.cpp.o -c /Applications/CMake.app/Contents/share/cmake-3.21/Modules/CMakeCXXCompilerABI.cpp
clang version 11.0.0
Target: x86_64-apple-darwin20.1.0
Thread model: posix
InstalledDir: /usr/local/Cellar/llvm/11.0.0/bin
clang-11: warning: -Wl,-v: 'linker' input unused [-Wunused-command-line-argument]
 (in-process)
 "/usr/local/Cellar/llvm/11.0.0/bin/clang-11" -cc1 -triple x86_64-apple-macosx11.0.0 -Wundef-prefix=TARGET_OS_ -Werror=undef-prefix -Wdeprecated-objc-isa-usage -Werror=deprecated-objc-isa-usage -emit-obj -mrelax-all -disable-free -disable-llvm-verifier -discard-value-names -main-file-name CMakeCXXCompilerABI.cpp -mrelocation-model pic -pic-level 2 -mframe-pointer=all -fno-rounding-math -munwind-tables -target-sdk-version=11.0 -fcompatibility-qualified-id-block-type-checking -target-cpu penryn -debugger-tuning=lldb -target-linker-version 609.7 -v -resource-dir /usr/local/Cellar/llvm/11.0.0/lib/clang/11.0.0 -dependency-file CMakeFiles/cmTC_ffa0d.dir/CMakeCXXCompilerABI.cpp.o.d -MT CMakeFiles/cmTC_ffa0d.dir/CMakeCXXCompilerABI.cpp.o -sys-header-deps -isysroot /Library/Developer/CommandLineTools/SDKs/MacOSX11.0.sdk -stdlib=libc++ -internal-isystem /usr/local/Cellar/llvm/11.0.0/bin/../include/c++/v1 -internal-isystem /Library/Developer/CommandLineTools/SDKs/MacOSX11.0.sdk/usr/include/c++/v1 -internal-isystem /Library/Developer/CommandLineTools/SDKs/MacOSX11.0.sdk/usr/local/include -internal-isystem /usr/local/Cellar/llvm/11.0.0/lib/clang/11.0.0/include -internal-externc-isystem /Library/Developer/CommandLineTools/SDKs/MacOSX11.0.sdk/usr/include -fdeprecated-macro -fdebug-compilation-dir /Users/jzc/Desktop/database/rn2db/src/c/CMakeFiles/CMakeTmp -ferror-limit 19 -stack-protector 1 -fblocks -fencode-extended-block-signature -fregister-global-dtors-with-atexit -fgnuc-version=4.2.1 -fcxx-exceptions -fexceptions -fmax-type-align=16 -o CMakeFiles/cmTC_ffa0d.dir/CMakeCXXCompilerABI.cpp.o -x c++ /Applications/CMake.app/Contents/share/cmake-3.21/Modules/CMakeCXXCompilerABI.cpp
clang -cc1 version 11.0.0 based upon LLVM 11.0.0 default target x86_64-apple-darwin20.1.0
ignoring nonexistent directory "/Library/Developer/CommandLineTools/SDKs/MacOSX11.0.sdk/usr/include/c++/v1"
ignoring nonexistent directory "/Library/Developer/CommandLineTools/SDKs/MacOSX11.0.sdk/usr/local/include"
ignoring nonexistent directory "/Library/Developer/CommandLineTools/SDKs/MacOSX11.0.sdk/Library/Frameworks"
#include "..." search starts here:
#include <...> search starts here:
 /usr/local/Cellar/llvm/11.0.0/bin/../include/c++/v1
 /usr/local/Cellar/llvm/11.0.0/lib/clang/11.0.0/include
 /Library/Developer/CommandLineTools/SDKs/MacOSX11.0.sdk/usr/include
 /Library/Developer/CommandLineTools/SDKs/MacOSX11.0.sdk/System/Library/Frameworks (framework directory)
End of search list.
Linking CXX executable cmTC_ffa0d
/Applications/CMake.app/Contents/bin/cmake -E cmake_link_script CMakeFiles/cmTC_ffa0d.dir/link.txt --verbose=1
/usr/local/Cellar/llvm/11.0.0/bin/clang++  -isysroot /Library/Developer/CommandLineTools/SDKs/MacOSX11.0.sdk -Wl,-search_paths_first -Wl,-headerpad_max_install_names  -v -Wl,-v CMakeFiles/cmTC_ffa0d.dir/CMakeCXXCompilerABI.cpp.o -o cmTC_ffa0d 
clang version 11.0.0
Target: x86_64-apple-darwin20.1.0
Thread model: posix
InstalledDir: /usr/local/Cellar/llvm/11.0.0/bin
 "/usr/bin/ld" -demangle -lto_library /usr/local/Cellar/llvm/11.0.0/lib/libLTO.dylib -dynamic -arch x86_64 -platform_version macos 11.0.0 11.0 -syslibroot /Library/Developer/CommandLineTools/SDKs/MacOSX11.0.sdk -o cmTC_ffa0d -L. -L/usr/local/opt/libpqxx/lib/ -L/usr/local/opt/libpqxx/lib/ -search_paths_first -headerpad_max_install_names -v CMakeFiles/cmTC_ffa0d.dir/CMakeCXXCompilerABI.cpp.o -lc++ -lSystem /usr/local/Cellar/llvm/11.0.0/lib/clang/11.0.0/lib/darwin/libclang_rt.osx.a
@(#)PROGRAM:ld  PROJECT:ld64-609.7
BUILD 18:10:07 Oct 19 2020
configured to support archs: armv6 armv7 armv7s arm64 arm64e arm64_32 i386 x86_64 x86_64h armv6m armv7k armv7m armv7em
Library search paths:
	.
	/usr/local/opt/libpqxx/lib/
	/usr/local/opt/libpqxx/lib/
	/Library/Developer/CommandLineTools/SDKs/MacOSX11.0.sdk/usr/lib
Framework search paths:
	/Library/Developer/CommandLineTools/SDKs/MacOSX11.0.sdk/System/Library/Frameworks/



Parsed CXX implicit include dir info from above output: rv=done
  found start of include info
  found start of implicit include info
    add: [/usr/local/Cellar/llvm/11.0.0/bin/../include/c++/v1]
    add: [/usr/local/Cellar/llvm/11.0.0/lib/clang/11.0.0/include]
    add: [/Library/Developer/CommandLineTools/SDKs/MacOSX11.0.sdk/usr/include]
  end of search list found
  collapse include dir [/usr/local/Cellar/llvm/11.0.0/bin/../include/c++/v1] ==> [/usr/local/Cellar/llvm/11.0.0/include/c++/v1]
  collapse include dir [/usr/local/Cellar/llvm/11.0.0/lib/clang/11.0.0/include] ==> [/usr/local/Cellar/llvm/11.0.0/lib/clang/11.0.0/include]
  collapse include dir [/Library/Developer/CommandLineTools/SDKs/MacOSX11.0.sdk/usr/include] ==> [/Library/Developer/CommandLineTools/SDKs/MacOSX11.0.sdk/usr/include]
  implicit include dirs: [/usr/local/Cellar/llvm/11.0.0/include/c++/v1;/usr/local/Cellar/llvm/11.0.0/lib/clang/11.0.0/include;/Library/Developer/CommandLineTools/SDKs/MacOSX11.0.sdk/usr/include]


Parsed CXX implicit link information from above output:
  link line regex: [^( *|.*[/\])(ld\.lld|CMAKE_LINK_STARTFILE-NOTFOUND|([^/\]+-)?ld|collect2)[^/\]*( |$)]
  ignore line: [Change Dir: /Users/jzc/Desktop/database/rn2db/src/c/CMakeFiles/CMakeTmp]
  ignore line: []
  ignore line: [Run Build Command(s):/usr/bin/make -f Makefile cmTC_ffa0d/fast && /Library/Developer/CommandLineTools/usr/bin/make  -f CMakeFiles/cmTC_ffa0d.dir/build.make CMakeFiles/cmTC_ffa0d.dir/build]
  ignore line: [Building CXX object CMakeFiles/cmTC_ffa0d.dir/CMakeCXXCompilerABI.cpp.o]
  ignore line: [/usr/local/Cellar/llvm/11.0.0/bin/clang++   -isysroot /Library/Developer/CommandLineTools/SDKs/MacOSX11.0.sdk   -v -Wl -v -MD -MT CMakeFiles/cmTC_ffa0d.dir/CMakeCXXCompilerABI.cpp.o -MF CMakeFiles/cmTC_ffa0d.dir/CMakeCXXCompilerABI.cpp.o.d -o CMakeFiles/cmTC_ffa0d.dir/CMakeCXXCompilerABI.cpp.o -c /Applications/CMake.app/Contents/share/cmake-3.21/Modules/CMakeCXXCompilerABI.cpp]
  ignore line: [clang version 11.0.0]
  ignore line: [Target: x86_64-apple-darwin20.1.0]
  ignore line: [Thread model: posix]
  ignore line: [InstalledDir: /usr/local/Cellar/llvm/11.0.0/bin]
  ignore line: [clang-11: warning: -Wl -v: 'linker' input unused [-Wunused-command-line-argument]]
  ignore line: [ (in-process)]
  ignore line: [ "/usr/local/Cellar/llvm/11.0.0/bin/clang-11" -cc1 -triple x86_64-apple-macosx11.0.0 -Wundef-prefix=TARGET_OS_ -Werror=undef-prefix -Wdeprecated-objc-isa-usage -Werror=deprecated-objc-isa-usage -emit-obj -mrelax-all -disable-free -disable-llvm-verifier -discard-value-names -main-file-name CMakeCXXCompilerABI.cpp -mrelocation-model pic -pic-level 2 -mframe-pointer=all -fno-rounding-math -munwind-tables -target-sdk-version=11.0 -fcompatibility-qualified-id-block-type-checking -target-cpu penryn -debugger-tuning=lldb -target-linker-version 609.7 -v -resource-dir /usr/local/Cellar/llvm/11.0.0/lib/clang/11.0.0 -dependency-file CMakeFiles/cmTC_ffa0d.dir/CMakeCXXCompilerABI.cpp.o.d -MT CMakeFiles/cmTC_ffa0d.dir/CMakeCXXCompilerABI.cpp.o -sys-header-deps -isysroot /Library/Developer/CommandLineTools/SDKs/MacOSX11.0.sdk -stdlib=libc++ -internal-isystem /usr/local/Cellar/llvm/11.0.0/bin/../include/c++/v1 -internal-isystem /Library/Developer/CommandLineTools/SDKs/MacOSX11.0.sdk/usr/include/c++/v1 -internal-isystem /Library/Developer/CommandLineTools/SDKs/MacOSX11.0.sdk/usr/local/include -internal-isystem /usr/local/Cellar/llvm/11.0.0/lib/clang/11.0.0/include -internal-externc-isystem /Library/Developer/CommandLineTools/SDKs/MacOSX11.0.sdk/usr/include -fdeprecated-macro -fdebug-compilation-dir /Users/jzc/Desktop/database/rn2db/src/c/CMakeFiles/CMakeTmp -ferror-limit 19 -stack-protector 1 -fblocks -fencode-extended-block-signature -fregister-global-dtors-with-atexit -fgnuc-version=4.2.1 -fcxx-exceptions -fexceptions -fmax-type-align=16 -o CMakeFiles/cmTC_ffa0d.dir/CMakeCXXCompilerABI.cpp.o -x c++ /Applications/CMake.app/Contents/share/cmake-3.21/Modules/CMakeCXXCompilerABI.cpp]
  ignore line: [clang -cc1 version 11.0.0 based upon LLVM 11.0.0 default target x86_64-apple-darwin20.1.0]
  ignore line: [ignoring nonexistent directory "/Library/Developer/CommandLineTools/SDKs/MacOSX11.0.sdk/usr/include/c++/v1"]
  ignore line: [ignoring nonexistent directory "/Library/Developer/CommandLineTools/SDKs/MacOSX11.0.sdk/usr/local/include"]
  ignore line: [ignoring nonexistent directory "/Library/Developer/CommandLineTools/SDKs/MacOSX11.0.sdk/Library/Frameworks"]
  ignore line: [#include "..." search starts here:]
  ignore line: [#include <...> search starts here:]
  ignore line: [ /usr/local/Cellar/llvm/11.0.0/bin/../include/c++/v1]
  ignore line: [ /usr/local/Cellar/llvm/11.0.0/lib/clang/11.0.0/include]
  ignore line: [ /Library/Developer/CommandLineTools/SDKs/MacOSX11.0.sdk/usr/include]
  ignore line: [ /Library/Developer/CommandLineTools/SDKs/MacOSX11.0.sdk/System/Library/Frameworks (framework directory)]
  ignore line: [End of search list.]
  ignore line: [Linking CXX executable cmTC_ffa0d]
  ignore line: [/Applications/CMake.app/Contents/bin/cmake -E cmake_link_script CMakeFiles/cmTC_ffa0d.dir/link.txt --verbose=1]
  ignore line: [/usr/local/Cellar/llvm/11.0.0/bin/clang++  -isysroot /Library/Developer/CommandLineTools/SDKs/MacOSX11.0.sdk -Wl -search_paths_first -Wl -headerpad_max_install_names  -v -Wl -v CMakeFiles/cmTC_ffa0d.dir/CMakeCXXCompilerABI.cpp.o -o cmTC_ffa0d ]
  ignore line: [clang version 11.0.0]
  ignore line: [Target: x86_64-apple-darwin20.1.0]
  ignore line: [Thread model: posix]
  ignore line: [InstalledDir: /usr/local/Cellar/llvm/11.0.0/bin]
  link line: [ "/usr/bin/ld" -demangle -lto_library /usr/local/Cellar/llvm/11.0.0/lib/libLTO.dylib -dynamic -arch x86_64 -platform_version macos 11.0.0 11.0 -syslibroot /Library/Developer/CommandLineTools/SDKs/MacOSX11.0.sdk -o cmTC_ffa0d -L. -L/usr/local/opt/libpqxx/lib/ -L/usr/local/opt/libpqxx/lib/ -search_paths_first -headerpad_max_install_names -v CMakeFiles/cmTC_ffa0d.dir/CMakeCXXCompilerABI.cpp.o -lc++ -lSystem /usr/local/Cellar/llvm/11.0.0/lib/clang/11.0.0/lib/darwin/libclang_rt.osx.a]
    arg [/usr/bin/ld] ==> ignore
    arg [-demangle] ==> ignore
    arg [-lto_library] ==> ignore, skip following value
    arg [/usr/local/Cellar/llvm/11.0.0/lib/libLTO.dylib] ==> skip value of -lto_library
    arg [-dynamic] ==> ignore
    arg [-arch] ==> ignore
    arg [x86_64] ==> ignore
    arg [-platform_version] ==> ignore
    arg [macos] ==> ignore
    arg [11.0.0] ==> ignore
    arg [11.0] ==> ignore
    arg [-syslibroot] ==> ignore
    arg [/Library/Developer/CommandLineTools/SDKs/MacOSX11.0.sdk] ==> ignore
    arg [-o] ==> ignore
    arg [cmTC_ffa0d] ==> ignore
    arg [-L.] ==> ignore
    arg [-L/usr/local/opt/libpqxx/lib/] ==> dir [/usr/local/opt/libpqxx/lib/]
    arg [-L/usr/local/opt/libpqxx/lib/] ==> dir [/usr/local/opt/libpqxx/lib/]
    arg [-search_paths_first] ==> ignore
    arg [-headerpad_max_install_names] ==> ignore
    arg [-v] ==> ignore
    arg [CMakeFiles/cmTC_ffa0d.dir/CMakeCXXCompilerABI.cpp.o] ==> ignore
    arg [-lc++] ==> lib [c++]
    arg [-lSystem] ==> lib [System]
    arg [/usr/local/Cellar/llvm/11.0.0/lib/clang/11.0.0/lib/darwin/libclang_rt.osx.a] ==> lib [/usr/local/Cellar/llvm/11.0.0/lib/clang/11.0.0/lib/darwin/libclang_rt.osx.a]
  Library search paths: [;.;/usr/local/opt/libpqxx/lib/;/usr/local/opt/libpqxx/lib/;/Library/Developer/CommandLineTools/SDKs/MacOSX11.0.sdk/usr/lib]
  Framework search paths: [;/Library/Developer/CommandLineTools/SDKs/MacOSX11.0.sdk/System/Library/Frameworks/]
  remove lib [System]
  remove lib [/usr/local/Cellar/llvm/11.0.0/lib/clang/11.0.0/lib/darwin/libclang_rt.osx.a]
  collapse library dir [/usr/local/opt/libpqxx/lib/] ==> [/usr/local/opt/libpqxx/lib]
  collapse library dir [/usr/local/opt/libpqxx/lib/] ==> [/usr/local/opt/libpqxx/lib]
  collapse library dir [.] ==> [/Users/jzc/Desktop/database/rn2db/src/c]
  collapse library dir [/usr/local/opt/libpqxx/lib/] ==> [/usr/local/opt/libpqxx/lib]
  collapse library dir [/usr/local/opt/libpqxx/lib/] ==> [/usr/local/opt/libpqxx/lib]
  collapse library dir [/Library/Developer/CommandLineTools/SDKs/MacOSX11.0.sdk/usr/lib] ==> [/Library/Developer/CommandLineTools/SDKs/MacOSX11.0.sdk/usr/lib]
  collapse framework dir [/Library/Developer/CommandLineTools/SDKs/MacOSX11.0.sdk/System/Library/Frameworks/] ==> [/Library/Developer/CommandLineTools/SDKs/MacOSX11.0.sdk/System/Library/Frameworks]
  implicit libs: [c++]
  implicit objs: []
  implicit dirs: [/usr/local/opt/libpqxx/lib;/Users/jzc/Desktop/database/rn2db/src/c;/Library/Developer/CommandLineTools/SDKs/MacOSX11.0.sdk/usr/lib]
  implicit fwks: [/Library/Developer/CommandLineTools/SDKs/MacOSX11.0.sdk/System/Library/Frameworks]


